Script started on 2026-01-22 12:19:03-05:00 [COMMAND="python -u supervisor_manual_run-dolphin-npu_dynamic_new.py" TERM="xterm-256color" TTY="/dev/pts/7" COLUMNS="122" LINES="17"]
--- [NPU MEMORY DEBUG START] ---
Loading Dolphin 24B from: /home/phil2/Super-Intel-NPU/current/Super-Intel-NPU/model_staging/dolphin-24B_final
NPU_LOG: [DRIVER][driver.cpp:90] OS interface updated
NPU_LOG: [CACHE][disk_cache.cpp:82] Cache is initialized, path: /home/phil2/.cache/ze_intel_npu_cache, max size: 4294967296
NPU_LOG: [DRIVER][driver.cpp:101] 1 VPU device(s) found.
NPU_LOG: [DRIVER][driver_handle.cpp:71] Driver properties returned successfully
NPU_LOG: [DRIVER][driver_handle.cpp:71] Driver properties returned successfully
NPU_LOG: [CACHE][disk_cache.cpp:161] Cache hit using 63f09fce282d852431dfc248878449d42e458ad3 key
NPU_LOG: [CACHE][disk_cache.cpp:161] Cache hit using 8aa5fa1ef9c06333f43ed075d707cc638eb7f920 key
NPU_LOG: [CACHE][disk_cache.cpp:161] Cache hit using e468b8e7dbc2713d488f8637ebf70f8edf820baa key
NPU_LOG: [CACHE][disk_cache.cpp:150] Cache missed using 75edbac9372d55efd034880b09f0212fd7d78a34 key
NPU_LOG: [CACHE][disk_cache.cpp:230] Cache set 75edbac9372d55efd034880b09f0212fd7d78a34 key, data size: 17510072, cache size: 818848280
NPU_LOG: [CACHE][disk_cache.cpp:150] Cache missed using 76ca7dc26759f94c4a981d92c71dd27c0e0e9657 key
NPU_LOG: [CACHE][disk_cache.cpp:230] Cache set 76ca7dc26759f94c4a981d92c71dd27c0e0e9657 key, data size: 15943160, cache size: 834791480
NPU_LOG: [CACHE][disk_cache.cpp:150] Cache missed using 2c2d18ea5cdcb6cd75fd0791f634785fbe3bd70a key
NPU_LOG: [CACHE][disk_cache.cpp:230] Cache set 2c2d18ea5cdcb6cd75fd0791f634785fbe3bd70a key, data size: 14863960, cache size: 849655480
NPU_LOG: [CACHE][disk_cache.cpp:161] Cache hit using 83a579d6f6e29ae675b4c1ef71e7f79c8e02c842 key
--- Sending Request to NPU ---
NPU_LOG: *ERROR* [vpu_driver_api.cpp:329] Failed to mmap the memory using offset received from KMD
NPU_LOG: *ERROR* [vpu_buffer_object.cpp:84] Failed to mmap the created buffer
NPU_LOG: *ERROR* [vpu_device_context.cpp:178] Failed to allocate shared memory, size = 1007648608, type = 131078
NPU_LOG: *ERROR* [elf_parser.cpp:380] Failed to copy elf::HostParsedInference, type: elf::AllocError, reason: Failed to allocate device buffer
NPU_LOG: *ERROR* [ze_graph.cpp:291] Exception caught, msg: 'Driver error occurred'

Script done on 2026-01-22 12:22:18-05:00 [COMMAND_EXIT_CODE="0"]
